  [1m[35m (400.3ms)[0m  [1m[35mCREATE DATABASE "arel_toolkit_development" ENCODING = 'utf8'[0m
  ↳ /Users/willian/src/arel_toolkit/lib/arel/middleware/postgresql_adapter.rb:12
  [1m[35m (290.2ms)[0m  [1m[35mCREATE DATABASE "arel_toolkit_test" ENCODING = 'utf8'[0m
  ↳ /Users/willian/src/arel_toolkit/lib/arel/middleware/postgresql_adapter.rb:12
  [1m[35m (0.4ms)[0m  [1m[35mCREATE DATABASE "arel_toolkit_development" ENCODING = 'utf8'[0m
  ↳ /Users/willian/src/arel_toolkit/lib/arel/middleware/postgresql_adapter.rb:12
  [1m[35m (0.3ms)[0m  [1m[35mCREATE DATABASE "arel_toolkit_test" ENCODING = 'utf8'[0m
  ↳ /Users/willian/src/arel_toolkit/lib/arel/middleware/postgresql_adapter.rb:12
  [1m[35m (21.5ms)[0m  [1m[35mCREATE TABLE "schema_migrations" ("version" character varying NOT NULL PRIMARY KEY)[0m
  ↳ /Users/willian/src/arel_toolkit/lib/arel/middleware/postgresql_adapter.rb:12
  [1m[35m (3.2ms)[0m  [1m[35mCREATE TABLE "ar_internal_metadata" ("key" character varying NOT NULL PRIMARY KEY, "value" character varying, "created_at" timestamp NOT NULL, "updated_at" timestamp NOT NULL)[0m
  ↳ /Users/willian/src/arel_toolkit/lib/arel/middleware/postgresql_adapter.rb:12
  [1m[35m (0.4ms)[0m  [1m[34mSELECT pg_try_advisory_lock(3836296671645445770)[0m
  ↳ bin/rails:14
  [1m[35m (0.9ms)[0m  [1m[34mSELECT "schema_migrations"."version" FROM "schema_migrations" ORDER BY "schema_migrations"."version" ASC[0m
  ↳ /Users/willian/src/arel_toolkit/lib/arel/middleware/postgresql_adapter.rb:17
Migrating to CreateArelToolkitUsers (20190723132205)
  [1m[35m (0.2ms)[0m  [1m[35mBEGIN[0m
  ↳ /Users/willian/src/arel_toolkit/lib/arel/middleware/postgresql_adapter.rb:12
  [1m[35m (6.7ms)[0m  [1m[35mCREATE TABLE "users" ("id" bigserial primary key, "username" character varying, "created_at" timestamp NOT NULL, "updated_at" timestamp NOT NULL)[0m
  ↳ /Users/willian/src/arel_toolkit/lib/arel/middleware/postgresql_adapter.rb:12
  [1m[36mActiveRecord::SchemaMigration Create (0.4ms)[0m  [1m[32mINSERT INTO "schema_migrations" ("version") VALUES ($1) RETURNING "version"[0m  [["version", "20190723132205"]]
  ↳ /Users/willian/src/arel_toolkit/lib/arel/middleware/postgresql_adapter.rb:17
  [1m[35m (0.3ms)[0m  [1m[35mCOMMIT[0m
  ↳ /Users/willian/src/arel_toolkit/lib/arel/middleware/postgresql_adapter.rb:12
  [1m[36mActiveRecord::InternalMetadata Load (0.5ms)[0m  [1m[34mSELECT  "ar_internal_metadata".* FROM "ar_internal_metadata" WHERE "ar_internal_metadata"."key" = $1 LIMIT $2[0m  [["key", "environment"], ["LIMIT", 1]]
  ↳ /Users/willian/src/arel_toolkit/lib/arel/middleware/postgresql_adapter.rb:22
  [1m[35m (0.1ms)[0m  [1m[35mBEGIN[0m
  ↳ /Users/willian/src/arel_toolkit/lib/arel/middleware/postgresql_adapter.rb:12
  [1m[36mActiveRecord::InternalMetadata Create (0.4ms)[0m  [1m[32mINSERT INTO "ar_internal_metadata" ("key", "value", "created_at", "updated_at") VALUES ($1, $2, $3, $4) RETURNING "key"[0m  [["key", "environment"], ["value", "development"], ["created_at", "2019-07-23 13:40:37.067831"], ["updated_at", "2019-07-23 13:40:37.067831"]]
  ↳ /Users/willian/src/arel_toolkit/lib/arel/middleware/postgresql_adapter.rb:17
  [1m[35m (0.3ms)[0m  [1m[35mCOMMIT[0m
  ↳ /Users/willian/src/arel_toolkit/lib/arel/middleware/postgresql_adapter.rb:12
  [1m[35m (0.2ms)[0m  [1m[34mSELECT pg_advisory_unlock(3836296671645445770)[0m
  ↳ bin/rails:14
  [1m[35m (0.2ms)[0m  [1m[34mSELECT "schema_migrations"."version" FROM "schema_migrations" ORDER BY "schema_migrations"."version" ASC[0m
  ↳ /Users/willian/src/arel_toolkit/lib/arel/middleware/postgresql_adapter.rb:17
